<?xml version="1.0" encoding="UTF-8"?>
<!-- Generated by org.testng.reporters.JUnitReportReporter -->
<testsuite skipped="0" hostname="DESKTOP-VVM4OU5" name="com.testng.Myntra" tests="6" failures="0" timestamp="2022-11-24T19:41:54 IST" time="22.791" errors="0">
  <testcase name="getNoOfProducts" time="0.089" classname="com.testng.Myntra"/>
  <system-out/>
  <testcase name="kidsAndTshirt" time="6.578" classname="com.testng.Myntra"/>
  <system-out/>
  <testcase name="brandNameOfProduct" time="0.041" classname="com.testng.Myntra"/>
  <system-out/>
  <testcase name="minimumPriceOfTheProduct" time="1.959" classname="com.testng.Myntra"/>
  <system-out/>
  <testcase name="launchTheUrl" time="7.388" classname="com.testng.Myntra"/>
  <system-out/>
  <testcase name="menAndTshirt" time="6.736" classname="com.testng.Myntra"/>
  <system-out/>
</testsuite> <!-- com.testng.Myntra -->
